========================================================================= 
Log Path: /home/marcu22r_mtholyoke_edu/stm_work/r_scripts/stm_grid_search.log 
Program Path: /home/marcu22r_mtholyoke_edu/stm_work/r_scripts/stm_grid_search.R 
Working Directory: /home/marcu22r_mtholyoke_edu/stm_work 
User Name: marcu22r_mtholyoke_edu 
R Version: 4.4.0 (2024-04-24) 
Machine: ceewater-cpu001 x86_64 
Operating System: Linux 6.8.0-52-generic #53-Ubuntu SMP PREEMPT_DYNAMIC Sat Jan 11 00:06:25 UTC 2025 
Base Packages: stats graphics grDevices utils datasets methods base 
Other Packages: textstem_0.1.4 koRpus.lang.en_0.1-4 koRpus_0.13-8 sylly_0.1-6 SnowballC_0.7.1 quanteda.textstats_0.97 logr_1.3.8 common_1.1.3 quanteda_4.0.2 digest_0.6.35 proxy_0.4-27 optparse_1.7.5 ggthemes_5.1.0 tidytext_0.4.2 logger_0.3.0 data.table_1.15.4 reshape2_1.4.4 stm_1.3.7 lubridate_1.9.3 forcats_1.0.0 dplyr_1.1.4 purrr_1.0.2 readr_2.1.5 tidyr_1.3.1 tibble_3.2.1 ggplot2_3.5.1 tidyverse_2.0.0 stringr_1.5.1 
Log Start Time: 2025-03-21 00:25:23.035131 
========================================================================= 
object 'hello' not found 
Traceback: 
 [1] "4: value[[3L]](cond)"                                                       
 [2] "3: tryCatchOne(expr, names, parentenv, handlers[[1L]])"                     
 [3] "2: tryCatchList(expr, classes, parentenv, handlers)"                        
 [4] "1: tryCatch({"                                                              
 [5] "       hello"                                                               
 [6] "       doc_vocab_id <- get_doc_id.opt(opt)"                                 
 [7] "       model_id <- get_model_id.opt(opt)"                                   
 [8] "       log_print(springf(\"Working with model %s with slurm job %d\", "     
 [9] "           model_id, opt$id))"                                              
[10] "       plot_dir <- get_plot_data_dir(opt$output_dir)"                       
[11] "       topic_dir <- get_topic_data_dir(opt$output_dir)"                     
[12] "       model_dir <- get_model_save_dir(opt$output_dir)"                     
[13] "       mkdir(plot_dir)"                                                     
[14] "       mkdir(topic_dir)"                                                    
[15] "       mkdir(model_dir)"                                                    
[16] "       model_out_path <- get_model_out_path(opt$output_dir, model_id)"      
[17] "       stm_fitted <- file.exists(model_out_path)"                           
[18] "       plot_path = file.path(plot_dir, get_plot_data_path(model_id))"       
[19] "       topic_path = file.path(topic_dir, get_topic_data_path(model_id))"    
[20] "       stm_processed <- (file.exists(plot_path) && file.exists(topic_path))"
[21] "       train_stm <- (!stm_fitted | (opt$if_exists %in% c(\"ignore\", "      
[22] "           \"retrain_only\")))"                                             
[23] "       process_stm <- (!stm_processed | (opt$if_exists %in% c(\"ignore\", " 
[24] "     ..."                                                                   
========================================================================= 
Log End Time: 2025-03-21 00:25:25.025925 
Log Elapsed Time: 0 00:00:01 
========================================================================= 
